[1759146800498] === Replica group01_Replica1759146800307 started ===
[1759146800502] memberInfo executed
[1759146801567] Synced balance requested for USD (txId=group01_Replica1759146800307_0)
[1759146802670] Quick balance for USD: 0.0
[1759146803569] Deposit 100 USD (txId=group01_Replica1759146800307_1)
[1759146804699] checkTxStatus resolved placeholder to group01_Replica1759146800307_1
[1759146805292] Synced balance requested for USD (txId=group01_Replica1759146800307_2)
[1759146806781] Quick balance for USD: 100.0
[1759146808187] Deposit 100 NOK (txId=group01_Replica1759146800307_3)
[1759146808938] Quick balance for NOK: 100.0
[1759146819681] Slept 10.0s
[1759146820769] Synced balance requested for USD (txId=group01_Replica1759146800307_4)
[1759146821317] AddInterest 10% to USD (txId=group01_Replica1759146800307_5)
[1759146821997] Synced balance requested for USD (txId=group01_Replica1759146800307_6)
[1759146823309] Deposit 100 EUR (txId=group01_Replica1759146800307_7)
[1759146823881] Deposit 50 NOK (txId=group01_Replica1759146800307_8)
[1759146824817] Deposit 40 USD (txId=group01_Replica1759146800307_9)
[1759146826139] Deposit 30 NOK (txId=group01_Replica1759146800307_10)
[1759146827055] Deposit 20 USD (txId=group01_Replica1759146800307_11)
[1759146827567] Deposit 10 NOK (txId=group01_Replica1759146800307_12)
[1759146828414] AddInterest 10% to EUR (txId=group01_Replica1759146800307_13)
[1759146828922] Synced balance requested for NOK (txId=group01_Replica1759146800307_14)
[1759146830051] Quick balance for NOK: 190.0
[1759146831231] Deposit 100 USD (txId=group01_Replica1759146800307_15)
[1759146832505] Deposit 100 EUR (txId=group01_Replica1759146800307_16)
[1759146833051] AddInterestAll 20% (txId=group01_Replica1759146800307_17)
[1759146833627] checkTxStatus resolved placeholder to group01_Replica1759146800307_16
[1759146834771] memberInfo executed
[1759146835492] History requested
[1759146836002] History cleaned
[1759146836700] Deposit 100 NOK (txId=group01_Replica1759146800307_18)
[1759146845495] Slept 8.0s
[1759146846759] Synced balance requested for USD (txId=group01_Replica1759146800307_19)
[1759146848153] Quick balance for USD: 324.0
[1759146849248] History requested
[1759146850415] Exiting.
