[1759937630609] === Replica group03 started ===
[1759937630612] memberInfo executed
[1759937631924] Quick balance for EUR: 0.0
[1759937633414] Deposit 50 NOK (txId=localhost:1099_1)
[1759937634610] ERROR: Missing currency for getQuickBalance, defaulting to USD
[1759937635683] Sleeping for 10 seconds...
[1759937646206] ERROR: Missing currency for getSyncedBalance, defaulting to USD
[1759937647114] AddInterestAll 7% (txId=localhost:1099_3)
[1759937648545] ERROR: Missing currency for getSyncedBalance, defaulting to USD
[1759937649800] Error processing command: deposit EUR -150 -> Deposit amount must be positive.
[1759937650906] Error processing command: deposit USD -100 -> Deposit amount must be positive.
[1759937652012] Deposit 10 DKK (txId=localhost:1099_5)
[1759937653430] Deposit 30 CHF (txId=localhost:1099_6)
[1759937654706] Error processing command: deposit NOK -100 -> Deposit amount must be positive.
[1759937655479] Deposit 50 GBP (txId=localhost:1099_7)
[1759937656578] AddInterestAll 20% (txId=localhost:1099_8)
[1759937657867] Sleeping for 9 seconds...
[1759937667420] memberInfo executed
[1759937669415] Quick balance for USD: 946969.4918029222
[1759937670272] Sleeping for 30 seconds...
[1759937702438] Quick balance for USD: 946969.4918029222
[1759937703927] Exiting.
