localhost:1099 membership updated: [localhost:1099]
Connected to MDServer at rmi://localhost:1099/MDServer
BankServer started for account: group01
BankServer group01 is running and registered.
=== Replica group01 started ===
Current members: [localhost:1099]
memberInfo executed
Synchronized balance for USD: 0.0
Quick balance for USD: 0.0
Deposit 100 USD (txId=localhost:1099_1)
Transaction 0 not found.
Synchronized balance for EUR: 234.0
Quick balance for EUR: 234.0
Deposit 100 NOK (txId=localhost:1099_3)
Quick balance for NOK: 120.0
Sleeping for 6 seconds...
Synchronized balance for USD: 2200.0
AddInterest 10% to NOK (txId=localhost:1099_5)
Synchronized balance for USD: 2662.0000000000005
Deposit 100 DKK (txId=localhost:1099_7)
Deposit 50 NOK (txId=localhost:1099_8)
Deposit 40 GBP (txId=localhost:1099_9)
Deposit 30 USD (txId=localhost:1099_10)
Deposit 20 CHF (txId=localhost:1099_11)
Deposit 10 EUR (txId=localhost:1099_12)
AddInterestAll 10% (txId=localhost:1099_13)
Sleeping for 7 seconds...
Synchronized balance for EUR: 9573.726212173142
Quick balance for EUR: 9573.726212173142
Deposit 100 EUR (txId=localhost:1099_15)
Deposit 100 USD (txId=localhost:1099_16)
AddInterest 20% to EUR (txId=localhost:1099_17)
Transaction 11 not found.
Current members: [localhost:1099]
memberInfo executed
Executed transactions:
[localhost:1099_1] deposit USD 100.0 @ 2025-10-08 17:33:38.993
[localhost:1099_1] deposit USD 100.0 @ 2025-10-08 17:33:38.993
[localhost:1099_3] deposit NOK 100.0 @ 2025-10-08 17:33:42.844
[localhost:1099_3] deposit NOK 100.0 @ 2025-10-08 17:33:42.844
[localhost:1099_5] addInterest NOK 10.0 @ 2025-10-08 17:33:52.466
[localhost:1099_5] addInterest NOK 10.0 @ 2025-10-08 17:33:52.466
[localhost:1099_7] deposit DKK 100.0 @ 2025-10-08 17:33:54.176
[localhost:1099_7] deposit DKK 100.0 @ 2025-10-08 17:33:54.176
[localhost:1099_8] deposit NOK 50.0 @ 2025-10-08 17:33:54.880
[localhost:1099_8] deposit NOK 50.0 @ 2025-10-08 17:33:54.880
[localhost:1099_9] deposit GBP 40.0 @ 2025-10-08 17:33:55.897
[localhost:1099_9] deposit GBP 40.0 @ 2025-10-08 17:33:55.897
[localhost:1099_10] deposit USD 30.0 @ 2025-10-08 17:33:56.508
[localhost:1099_10] deposit USD 30.0 @ 2025-10-08 17:33:56.508
[localhost:1099_11] deposit CHF 20.0 @ 2025-10-08 17:33:57.540
[localhost:1099_11] deposit CHF 20.0 @ 2025-10-08 17:33:57.540
[localhost:1099_12] deposit EUR 10.0 @ 2025-10-08 17:33:58.282
[localhost:1099_12] deposit EUR 10.0 @ 2025-10-08 17:33:58.282
[localhost:1099_13] addInterestAll 10.0 @ 2025-10-08 17:33:58.973
[localhost:1099_13] addInterestAll 10.0 @ 2025-10-08 17:33:58.973
Outstanding transactions:
[localhost:1099_15] deposit EUR 100.0 @ 2025-10-08 17:34:09.560
[localhost:1099_16] deposit USD 100.0 @ 2025-10-08 17:34:10.071
[localhost:1099_17] addInterest EUR 20.0 @ 2025-10-08 17:34:10.822
Transaction history cleaned
Deposit 100 EUR (txId=localhost:1099_18)
Sleeping for 8 seconds...
Synchronized balance for USD: 12460.722859426773
Quick balance for USD: 12460.722859426773
Sleeping for 30 seconds...
Synchronized balance for USD: 12460.722859426773
Quick balance for USD: 12460.722859426773
Executed transactions:
[localhost:1099_15] deposit EUR 100.0 @ 2025-10-08 17:34:09.560
[localhost:1099_15] deposit EUR 100.0 @ 2025-10-08 17:34:09.560
[localhost:1099_16] deposit USD 100.0 @ 2025-10-08 17:34:10.071
[localhost:1099_16] deposit USD 100.0 @ 2025-10-08 17:34:10.071
[localhost:1099_17] addInterest EUR 20.0 @ 2025-10-08 17:34:10.822
[localhost:1099_17] addInterest EUR 20.0 @ 2025-10-08 17:34:10.822
[localhost:1099_18] deposit EUR 100.0 @ 2025-10-08 17:34:15.389
[localhost:1099_18] deposit EUR 100.0 @ 2025-10-08 17:34:15.389
Outstanding transactions:
Exiting.
