localhost:1099 membership updated: [localhost:1099]
Connected to MDServer at rmi://localhost:1099/MDServer
BankServer started for account: group03
BankServer group03 is running and registered.
=== Replica group03 started ===
Current members: [localhost:1099]
memberInfo executed
Synchronized balance for EUR: 0.0
Quick balance for EUR: 0.0
Deposit 50 NOK (txId=localhost:1099_1)
ERROR: Missing currency for getQuickBalance, defaulting to USD
Sleeping for 10 seconds...
ERROR: Missing currency for getSyncedBalance, defaulting to USD
Synchronized balance for USD: 27411.945187606725
AddInterestAll 7% (txId=localhost:1099_3)
ERROR: Missing currency for getSyncedBalance, defaulting to USD
Synchronized balance for USD: 53923.44518174777
Error processing command: deposit EUR -150 -> Deposit amount must be positive.
Error processing command: deposit USD -100 -> Deposit amount must be positive.
Deposit 10 DKK (txId=localhost:1099_5)
Deposit 30 CHF (txId=localhost:1099_6)
Error processing command: deposit NOK -100 -> Deposit amount must be positive.
Deposit 50 GBP (txId=localhost:1099_7)
AddInterestAll 20% (txId=localhost:1099_8)
Sleeping for 9 seconds...
Current members: [localhost:1099]
memberInfo executed
Synchronized balance for USD: 946969.4918029222
Quick balance for USD: 946969.4918029222
Sleeping for 30 seconds...
Synchronized balance for USD: 946969.4918029222
Quick balance for USD: 946969.4918029222
Executed transactions:
[localhost:1099_5] addInterest NOK 10.0 @ 2025-10-08 17:33:51.634
[localhost:1099_5] addInterest NOK 10.0 @ 2025-10-08 17:33:51.720
[localhost:1099_5] addInterest NOK 10.0 @ 2025-10-08 17:33:52.466
[localhost:1099_1] deposit NOK 50.0 @ 2025-10-08 17:33:53.405
[localhost:1099_7] deposit DKK 100.0 @ 2025-10-08 17:33:53.708
[localhost:1099_7] deposit DKK 100.0 @ 2025-10-08 17:33:54.176
[localhost:1099_7] deposit DKK 100.0 @ 2025-10-08 17:33:54.494
[localhost:1099_8] deposit NOK 50.0 @ 2025-10-08 17:33:54.634
[localhost:1099_8] deposit NOK 50.0 @ 2025-10-08 17:33:54.880
[localhost:1099_8] deposit NOK 50.0 @ 2025-10-08 17:33:55.428
[localhost:1099_9] deposit GBP 40.0 @ 2025-10-08 17:33:55.441
[localhost:1099_5] addInterest USD 5.0 @ 2025-10-08 17:33:55.727
[localhost:1099_9] deposit GBP 40.0 @ 2025-10-08 17:33:55.897
[localhost:1099_10] deposit USD 30.0 @ 2025-10-08 17:33:56.124
[localhost:1099_9] deposit GBP 40.0 @ 2025-10-08 17:33:56.275
[localhost:1099_10] deposit USD 30.0 @ 2025-10-08 17:33:56.508
[localhost:1099_10] deposit USD 30.0 @ 2025-10-08 17:33:57.142
[localhost:1099_11] deposit CHF 20.0 @ 2025-10-08 17:33:57.315
[localhost:1099_11] deposit CHF 20.0 @ 2025-10-08 17:33:57.540
[localhost:1099_7] deposit NOK 110.0 @ 2025-10-08 17:33:57.594
[localhost:1099_12] deposit EUR 10.0 @ 2025-10-08 17:33:58.098
[localhost:1099_8] deposit DKK 40.0 @ 2025-10-08 17:33:58.194
[localhost:1099_12] deposit EUR 10.0 @ 2025-10-08 17:33:58.282
[localhost:1099_11] deposit CHF 20.0 @ 2025-10-08 17:33:58.466
[localhost:1099_13] addInterestAll 10.0 @ 2025-10-08 17:33:58.973
[localhost:1099_9] deposit EUR 50.0 @ 2025-10-08 17:33:59.041
[localhost:1099_12] deposit EUR 10.0 @ 2025-10-08 17:33:59.164
[localhost:1099_13] addInterestAll 10.0 @ 2025-10-08 17:33:59.459
[localhost:1099_13] addInterestAll 10.0 @ 2025-10-08 17:34:00.136
[localhost:1099_10] deposit CHF 20.0 @ 2025-10-08 17:34:00.434
[localhost:1099_11] deposit GBP 30.0 @ 2025-10-08 17:34:01.063
[localhost:1099_12] deposit USD 100.0 @ 2025-10-08 17:34:01.801
[localhost:1099_13] addInterest NOK 3.0 @ 2025-10-08 17:34:02.933
[localhost:1099_1] deposit NOK 50.0 @ 2025-10-08 17:33:53.405
[localhost:1099_1] deposit NOK 50.0 @ 2025-10-08 17:33:53.405
[localhost:1099_3] addInterestAll 7.0 @ 2025-10-08 17:34:07.111
[localhost:1099_3] addInterestAll 7.0 @ 2025-10-08 17:34:07.111
[localhost:1099_3] addInterestAll 7.0 @ 2025-10-08 17:34:07.111
[localhost:1099_15] deposit EUR 100.0 @ 2025-10-08 17:34:09.560
[localhost:1099_15] deposit EUR 100.0 @ 2025-10-08 17:34:10.052
[localhost:1099_16] deposit USD 100.0 @ 2025-10-08 17:34:10.071
[localhost:1099_15] deposit EUR 100.0 @ 2025-10-08 17:34:10.769
[localhost:1099_17] addInterest EUR 20.0 @ 2025-10-08 17:34:10.822
[localhost:1099_16] deposit USD 100.0 @ 2025-10-08 17:34:11.484
[localhost:1099_5] deposit DKK 10.0 @ 2025-10-08 17:34:12.008
[localhost:1099_16] deposit USD 100.0 @ 2025-10-08 17:34:12.121
[localhost:1099_17] addInterest EUR 20.0 @ 2025-10-08 17:34:12.566
[localhost:1099_15] deposit USD 120.0 @ 2025-10-08 17:34:12.609
[localhost:1099_17] addInterest EUR 20.0 @ 2025-10-08 17:34:13.374
[localhost:1099_6] deposit CHF 30.0 @ 2025-10-08 17:34:13.427
[localhost:1099_16] deposit EUR 130.0 @ 2025-10-08 17:34:14.010
[localhost:1099_17] addInterestAll 10.0 @ 2025-10-08 17:34:15.044
[localhost:1099_18] deposit EUR 100.0 @ 2025-10-08 17:34:15.389
[localhost:1099_7] deposit GBP 50.0 @ 2025-10-08 17:34:15.477
[localhost:1099_8] addInterestAll 20.0 @ 2025-10-08 17:34:16.574
[localhost:1099_18] deposit EUR 100.0 @ 2025-10-08 17:34:17.259
[localhost:1099_18] deposit EUR 100.0 @ 2025-10-08 17:34:17.617
[localhost:1099_18] deposit NOK 90.0 @ 2025-10-08 17:34:19.051
[localhost:1099_5] deposit DKK 10.0 @ 2025-10-08 17:34:12.008
[localhost:1099_5] deposit DKK 10.0 @ 2025-10-08 17:34:12.008
[localhost:1099_6] deposit CHF 30.0 @ 2025-10-08 17:34:13.427
[localhost:1099_6] deposit CHF 30.0 @ 2025-10-08 17:34:13.427
[localhost:1099_7] deposit GBP 50.0 @ 2025-10-08 17:34:15.477
[localhost:1099_7] deposit GBP 50.0 @ 2025-10-08 17:34:15.477
[localhost:1099_8] addInterestAll 20.0 @ 2025-10-08 17:34:16.574
[localhost:1099_8] addInterestAll 20.0 @ 2025-10-08 17:34:16.574
Outstanding transactions:
Exiting.
